Launching parsec.ferret...
[PARSEC] Benchmarks to run:  parsec.ferret

[PARSEC] [========== Running benchmark parsec.ferret [1] ==========]
[PARSEC] Setting up run directory.
[PARSEC] Unpacking benchmark input 'simlarge'.
corel/
corel/__cass.env
corel/corel.raw
corel/lsh.lsh
corel/map_corel.map
queries/
queries/acorn.jpg
queries/air-fighter.jpg
queries/airplane-2.jpg
queries/airplane-takeoff-3.jpg
queries/alcatraz-island-prison.jpg
queries/american-flag-3.jpg
queries/apartment.jpg
queries/apollo-2.jpg
queries/apollo-earth.jpg
queries/apple-11.jpg
queries/apple-14.jpg
queries/apple-16.jpg
queries/apple-7.jpg
queries/aquarium-fish-25.jpg
queries/arches-9.jpg
queries/arches.jpg
queries/archipelago-2.jpg
queries/archipelago.jpg
queries/balboa-park.jpg
queries/balloons-14.jpg
queries/banana-1.jpg
queries/bay.jpg
queries/beach-2.jpg
queries/bee.jpg
queries/bird-2.jpg
queries/black-currant-4.jpg
queries/black-headed-sheep.jpg
queries/boat-race.jpg
queries/bookshelf.jpg
queries/branch-2.jpg
queries/buttercup-2.jpg
queries/cable-2.jpg
queries/cabrillo-national-monument.jpg
queries/cactus-115.jpg
queries/cactus-71.jpg
queries/caesars-palace-2.jpg
queries/canyon.jpg
queries/cheese-plate.jpg
queries/church-tower-with-mountain-in-background.jpg
queries/civic-si-2.jpg
queries/clip-3.jpg
queries/clock-2.jpg
queries/clock.jpg
queries/clouds-2.jpg
queries/coast.jpg
queries/coffee-beans-2.jpg
queries/columbia-start.jpg
queries/concrete-cross.jpg
queries/crawfish-3.jpg
queries/death-valley-sand-dunes.jpg
queries/duck-4.jpg
queries/duck-5.jpg
queries/egret-2.jpg
queries/ellen-browning-scripps-park.jpg
queries/face-10.jpg
queries/face-11.jpg
queries/face-12.jpg
queries/face-13.jpg
queries/face-14.jpg
queries/face-15.jpg
queries/face-16.jpg
queries/face-17.jpg
queries/face-18.jpg
queries/face-19.jpg
queries/face-2.jpg
queries/face-20.jpg
queries/face-21.jpg
queries/face-22.jpg
queries/face-23.jpg
queries/face-24.jpg
queries/face-25.jpg
queries/face-26.jpg
queries/face-27.jpg
queries/face-28.jpg
queries/face-29.jpg
queries/face-3.jpg
queries/face-30.jpg
queries/face-31.jpg
queries/face-32.jpg
queries/face-33.jpg
queries/face-34.jpg
queries/face-35.jpg
queries/face-36.jpg
queries/face-4.jpg
queries/face-5.jpg
queries/face-6.jpg
queries/face-7.jpg
queries/face-8.jpg
queries/face-9.jpg
queries/face.jpg
queries/fajitas.jpg
queries/fake-berries.jpg
queries/fallbrook-avocado-festival.jpg
queries/fallen-branshy-tree.jpg
queries/falls-2.jpg
queries/falls-in-glacier.jpg
queries/falls.jpg
queries/farm-2.jpg
queries/farm.jpg
queries/farmers-market-2.jpg
queries/farmers-market.jpg
queries/field-20.jpg
queries/figs.jpg
queries/fireworks-11.jpg
queries/fly.jpg
queries/food-18.jpg
queries/forest-16.jpg
queries/forest-3.jpg
queries/forest-38.jpg
queries/forest-54.jpg
queries/forest-65.jpg
queries/la-jolla-cliffs-2.jpg
queries/la-jolla-cliffs.jpg
queries/la-jolla-cove-10.jpg
queries/la-jolla-cove-11.jpg
queries/la-jolla-cove-12.jpg
queries/la-jolla-cove-13.jpg
queries/la-jolla-cove-14.jpg
queries/la-jolla-cove-2.jpg
queries/la-jolla-cove-3.jpg
queries/la-jolla-cove-4.jpg
queries/la-jolla-cove-5.jpg
queries/la-jolla-cove-6.jpg
queries/la-jolla-cove-7.jpg
queries/la-jolla-cove-8.jpg
queries/la-jolla-cove-9.jpg
queries/la-jolla-cove.jpg
queries/la-jolla-seal-beach.jpg
queries/la-jolla-shores.jpg
queries/la-jolla-squirrels.jpg
queries/lady-bug.jpg
queries/ladybug-closeup.jpg
queries/ladybugs.jpg
queries/lake-2.jpg
queries/lake-20.jpg
queries/lake-21.jpg
queries/lake-22.jpg
queries/lake-23.jpg
queries/lake-24.jpg
queries/lake-25.jpg
queries/lake-26.jpg
queries/lake-27.jpg
queries/lake-28.jpg
queries/lake-29.jpg
queries/lake-3.jpg
queries/lake-30.jpg
queries/lake-31.jpg
queries/lake-32.jpg
queries/lake-33.jpg
queries/lake-34.jpg
queries/lake-35.jpg
queries/lake-36.jpg
queries/lake-37.jpg
queries/lake-38.jpg
queries/lake-52.jpg
queries/lake-53.jpg
queries/lake-54.jpg
queries/lake-55.jpg
queries/lake-56.jpg
queries/lake-57.jpg
queries/lake-58.jpg
queries/lake-59.jpg
queries/lake-6.jpg
queries/lake-60.jpg
queries/lake-61.jpg
queries/lake-62.jpg
queries/lake-63.jpg
queries/lake-64.jpg
queries/lake-65.jpg
queries/lake-66.jpg
queries/lake-67.jpg
queries/lake-68.jpg
queries/lake-69.jpg
queries/lake-7.jpg
queries/lake-8.jpg
queries/lake-9.jpg
queries/lake-mcdonald-in-glacier.jpg
queries/lake-mcdonald.jpg
queries/lake-miramar.jpg
queries/lake-people.jpg
queries/lake-rock-in-morning-mist-2.jpg
queries/lake-rock-in-morning-mist-3.jpg
queries/lake-rock-in-morning-mist.jpg
queries/lake-rocks-in-morning-mist-2.jpg
queries/lake-rocks-in-morning-mist.jpg
queries/lake-side.jpg
queries/lake-water.jpg
queries/lake.jpg
queries/lamar-valley.jpg
queries/lamp-flowers.jpg
queries/lancashire-cheese.jpg
queries/landing-lights.jpg
queries/lantern.jpg
queries/laptop.jpg
queries/lapwing-in-snow.jpg
queries/lapwings-in-snowy-field.jpg
queries/las-vegas-strip.jpg
queries/lasagna.jpg
queries/lava-2.jpg
queries/lava-3.jpg
queries/lava-4.jpg
queries/lava.jpg
queries/leaf-2.jpg
queries/leaf-3.jpg
queries/leaf-4.jpg
queries/leaf-5.jpg
queries/leaf.jpg
queries/leaves-in-a-stream.jpg
queries/leaves-in-sun-2.jpg
queries/leaves-in-sun-3.jpg
queries/leaves-in-sun.jpg
queries/leaves-water-drops-2.jpg
queries/leaves-water-drops-3.jpg
queries/leaves-water-drops.jpg
queries/leaves.jpg
queries/lemor.jpg
queries/lemurs-eating.jpg
queries/lens.jpg
queries/liberty-cap.jpg
queries/library.jpg
queries/lichens-2.jpg
queries/lichens.jpg
queries/lighter.jpg
queries/lighthouse.jpg
queries/lights-2.jpg
queries/lights-3.jpg
queries/lights.jpg
queries/limberger-cheese.jpg
queries/lime-and-kiwi.jpg
queries/lime-spider.jpg
queries/limestone-quarry-2.jpg
queries/limestone-quarry.jpg
queries/lincolnshire-poacher-cheese.jpg
queries/lion.jpg
queries/little-bird.jpg
queries/little-italy-sign.jpg
queries/little-piggies.jpg
queries/logan-pass-trail.jpg
queries/logan-pass.jpg
queries/lombard-street.jpg
queries/london-bridge.jpg
queries/long-beach-2.jpg
queries/long-beach.jpg
queries/long-horned-cattle-2.jpg
queries/long-horned-cattle.jpg
queries/lots-of-pots.jpg
queries/lotus.jpg
queries/lough-erne.jpg
queries/lough-gill-2.jpg
queries/lough-gill.jpg
queries/lough-gur.jpg
queries/lumbering-bear.jpg
queries/lunar-eclipse.jpg
queries/lynx-on-tree-log.jpg
queries/lynx-sitting.jpg
queries/queen-mary-2.jpg
[PARSEC] Running 'time /parsec/pkgs/apps/ferret/inst/amd64-linux.gcc/bin/ferret corel lsh queries 10 20 1 output.txt':
[PARSEC] [---------- Beginning of output ----------]
PARSEC Benchmark Suite Version 3.0-beta-20150206
(11,1)
(17,2)
(43,3)
(59,4)
(62,5)
(66,6)
(68,7)
(68,8)
(70,9)
(72,10)
(72,11)
(73,12)
(74,13)
(75,14)
(77,15)
(77,16)
(79,17)
(80,18)
(82,19)
(82,20)
(83,21)
(86,22)
(87,23)
(88,24)
(88,25)
(89,26)
(89,27)
(90,28)
(90,29)
(91,30)
(94,31)
(94,32)
(96,33)
(103,34)
(103,35)
(105,36)
(105,37)
(105,38)
(111,39)
(111,40)
(111,41)
(111,42)
(113,43)
(113,44)
(114,45)
(114,46)
(117,47)
(118,48)
(122,49)
(123,50)
(123,51)
(124,52)
(131,53)
(133,54)
(133,55)
(134,56)
(134,57)
(136,58)
(136,59)
(137,60)
(137,61)
(141,62)
(143,63)
(144,64)
(145,65)
(145,66)
(146,67)
(146,68)
(146,69)
(146,70)
(149,71)
(149,72)
(149,73)
(149,74)
(149,75)
(150,76)
(150,77)
(151,78)
(152,79)
(153,80)
(157,81)
(159,82)
(159,83)
(159,84)
(159,85)
(160,86)
(160,87)
(161,88)
(162,89)
(164,90)
(164,91)
(164,92)
(165,93)
(165,94)
(170,95)
(171,96)
(171,97)
(172,98)
(174,99)
(174,100)
(175,101)
(178,102)
(178,103)
(180,104)
(182,105)
(182,106)
(184,107)
(184,108)
(184,109)
(187,110)
(188,111)
(188,112)
(188,113)
(189,114)
(192,115)
(192,116)
(192,117)
(194,118)
(195,119)
(195,120)
(195,121)
(196,122)
(196,123)
(198,124)
(199,125)
(199,126)
(199,127)
(199,128)
(200,129)
(200,130)
(202,131)
(204,132)
(205,133)
(205,134)
(207,135)
(208,136)
(208,137)
(209,138)
(210,139)
(211,140)
(212,141)
(214,142)
(217,143)
(220,144)
(221,145)
(222,146)
(223,147)
(225,148)
(227,149)
(230,150)
(230,151)
(231,152)
(231,153)
(233,154)
(233,155)
(234,156)
(235,157)
(235,158)
(235,159)
(236,160)
(237,161)
(237,162)
(238,163)
(239,164)
(242,165)
(242,166)
(243,167)
(243,168)
(244,169)
(244,170)
(244,171)
(247,172)
(249,173)
(249,174)
(250,175)
(250,176)
(251,177)
(251,178)
(252,179)
(252,180)
(252,181)
(256,182)
(256,183)
(256,184)
(256,185)
(256,186)
(256,187)
(256,188)
(256,189)
(256,190)
(256,191)
(256,192)
(256,193)
(256,194)
(256,195)
(256,196)
(256,197)
(256,198)
(256,199)
(256,200)
(256,201)
(256,202)
(256,203)
(256,204)
(256,205)
(256,206)
(256,207)
(256,208)
(256,209)
(256,210)
(256,211)
(256,212)
(256,213)
(256,214)
(256,215)
(256,216)
(256,217)
(256,218)
(256,219)
(256,220)
(256,221)
(256,222)
(256,223)
(256,224)
(256,225)
(256,226)
(256,227)
(256,228)
(256,229)
(256,230)
(256,231)
(256,232)
(256,233)
(256,234)
(256,235)
(256,236)
(256,237)
(256,238)
(256,239)
(256,240)
(256,241)
(256,242)
(256,243)
(256,244)
(256,245)
(256,246)
(256,247)
(256,248)
(256,249)
(256,250)
(256,251)
(256,252)
(256,253)
(256,254)
(256,255)
(256,256)
QUERY TIME: 5.035 seconds

real	0m5.126s
user	0m9.767s
sys	0m0.080s
[PARSEC] [----------    End of output    ----------]
[PARSEC]
[PARSEC] BIBLIOGRAPHY
[PARSEC]
[PARSEC] [1] Bienia. Benchmarking Modern Multiprocessors. Ph.D. Thesis, 2011.
[PARSEC]
[PARSEC] Done.
