Launching splash2x.radix...
[PARSEC] Benchmarks to run:  splash2x.radix

[PARSEC] [========== Running benchmark splash2x.radix [1] ==========]
[PARSEC] Setting up run directory.
[PARSEC] No archive for input 'native' available, skipping input setup.
[PARSEC] Running 'time /parsec/ext/splash2x/kernels/radix/inst/amd64-linux.gcc/bin/run.sh 2 native':
[PARSEC] [---------- Beginning of output ----------]
Generating input file ...
Running /parsec/ext/splash2x/kernels/radix/inst/amd64-linux.gcc/bin/radix -p2 -r4096 -n268435456 -m2147483647:

Integer Radix Sort
     268435456 Keys
     2 Processors
     Radix = 4096
     Max key = 2147483647


                 PROCESS STATISTICS
               Total            Rank            Sort
 Proc          Time             Time            Time
    0        4559887          444966         4114831

                 TIMING INFORMATION
Start time                        : 1744578418955842
Initialization finish time        : 1744578435000441
Overall finish time               : 1744578439560328
Total time with initialization    :         20604486
Total time without initialization :          4559887


real	0m20.925s
user	0m39.372s
sys	0m2.125s
[PARSEC] [----------    End of output    ----------]
[PARSEC]
[PARSEC] BIBLIOGRAPHY
[PARSEC]
[PARSEC] [1] Woo et al. The SPLASH-2 Programs: Characterization and Methodological Considerations. ISCA, 1995.
[PARSEC]
[PARSEC] Done.
