Launching splash2x.radix...
[PARSEC] Benchmarks to run:  splash2x.radix

[PARSEC] [========== Running benchmark splash2x.radix [1] ==========]
[PARSEC] Setting up run directory.
[PARSEC] No archive for input 'native' available, skipping input setup.
[PARSEC] Running 'time /parsec/ext/splash2x/kernels/radix/inst/amd64-linux.gcc/bin/run.sh 1 native':
[PARSEC] [---------- Beginning of output ----------]
Generating input file ...
Running /parsec/ext/splash2x/kernels/radix/inst/amd64-linux.gcc/bin/radix -p1 -r4096 -n268435456 -m2147483647:

Integer Radix Sort
     268435456 Keys
     1 Processors
     Radix = 4096
     Max key = 2147483647


                 PROCESS STATISTICS
               Total            Rank            Sort
 Proc          Time             Time            Time
    0       10134352          987110         9147236

                 TIMING INFORMATION
Start time                        : 1744377237373533
Initialization finish time        : 1744377269951153
Overall finish time               : 1744377280085505
Total time with initialization    :         42711972
Total time without initialization :         10134352


real	0m43.263s
user	0m39.972s
sys	0m2.434s
[PARSEC] [----------    End of output    ----------]
[PARSEC]
[PARSEC] BIBLIOGRAPHY
[PARSEC]
[PARSEC] [1] Woo et al. The SPLASH-2 Programs: Characterization and Methodological Considerations. ISCA, 1995.
[PARSEC]
[PARSEC] Done.
